<?xml version="1.0" encoding="UTF-8"?>
<!-- Generated by org.testng.reporters.JUnitReportReporter -->
<testsuite hostname="Asra" failures="0" tests="7" name="testNGDemo.testscenario8" time="0.006" errors="0" timestamp="2024-07-10T11:08:40 EDT" skipped="0">
  <testcase classname="testNGDemo.testscenario8" name="seventh_testcase" time="0.000"/>
  <system-out/>
  <testcase classname="testNGDemo.testscenario8" name="fourth_testcase" time="0.001"/>
  <system-out/>
  <testcase classname="testNGDemo.testscenario8" name="third_testcase" time="0.000"/>
  <system-out/>
  <testcase classname="testNGDemo.testscenario8" name="sixth_testcase" time="0.000"/>
  <system-out/>
  <testcase classname="testNGDemo.testscenario8" name="fifth_testcase" time="0.002"/>
  <system-out/>
  <testcase classname="testNGDemo.testscenario8" name="second_testcase" time="0.001"/>
  <system-out/>
  <testcase classname="testNGDemo.testscenario8" name="first_testcase" time="0.002"/>
  <system-out/>
</testsuite> <!-- testNGDemo.testscenario8 -->
