<?xml version="1.0" encoding="UTF-8"?>
<!-- Generated by org.testng.reporters.JUnitReportReporter -->
<testsuite hostname="Asra" failures="0" tests="2" name="testNGDemo.testscenario1" time="0.005" errors="0" timestamp="2024-07-11T00:52:42 EDT" skipped="1">
  <testcase classname="testNGDemo.testscenario1" name="second_testcase" time="0.005"/>
  <system-out/>
  <testcase classname="testNGDemo.testscenario1" name="fourth_testcase">
    <skipped/>
  </testcase> <!-- fourth_testcase -->
  <system-out/>
</testsuite> <!-- testNGDemo.testscenario1 -->
