<?xml version="1.0" encoding="UTF-8"?>
<!-- Generated by org.testng.reporters.JUnitReportReporter -->
<testsuite hostname="Asra" failures="0" tests="2" name="seleniumautomation.waits" time="4.551" errors="0" timestamp="2024-07-23T21:53:48 EDT" skipped="1">
  <testcase classname="seleniumautomation.waits" name="Actions" time="4.551"/>
  <system-out/>
  <testcase classname="seleniumautomation.waits" name="launchbrowser">
    <skipped/>
  </testcase> <!-- launchbrowser -->
  <system-out/>
</testsuite> <!-- seleniumautomation.waits -->
