<?xml version="1.0" encoding="UTF-8"?>
<!-- Generated by org.testng.reporters.JUnitReportReporter -->
<testsuite hostname="Asra" failures="0" tests="1" name="seleniumautomation.TestscenarioFB" time="8.265" errors="0" timestamp="2024-07-18T00:09:48 EDT" skipped="0">
  <testcase classname="seleniumautomation.TestscenarioFB" name="signup_funtionality" time="8.265"/>
  <system-out/>
</testsuite> <!-- seleniumautomation.TestscenarioFB -->
