<?xml version="1.0" encoding="UTF-8"?>
<!-- Generated by org.testng.reporters.JUnitReportReporter -->
<testsuite hostname="Asra" failures="0" tests="1" name="seleniumautomation.Webdrivercomands" time="11.115" errors="0" timestamp="2024-07-15T22:53:21 EDT" skipped="0">
  <testcase classname="seleniumautomation.Webdrivercomands" name="launch_browser" time="11.115"/>
  <system-out/>
</testsuite> <!-- seleniumautomation.Webdrivercomands -->
