<?xml version="1.0" encoding="UTF-8"?>
<!-- Generated by org.testng.reporters.JUnitReportReporter -->
<testsuite hostname="Asra" failures="0" tests="1" name="testNGDemo.testscenario4" time="0.001" errors="0" timestamp="2024-07-11T00:52:42 EDT" skipped="0">
  <testcase classname="testNGDemo.testscenario4" name="third_testcase" time="0.001"/>
  <system-out/>
</testsuite> <!-- testNGDemo.testscenario4 -->
