<?xml version="1.0" encoding="UTF-8"?>
<!-- Generated by org.testng.reporters.JUnitReportReporter -->
<testsuite hostname="Asra" failures="0" tests="1" name="AlertExamples.handleframes" time="13.159" errors="0" timestamp="2024-07-24T23:41:12 EDT" skipped="0">
  <testcase classname="AlertExamples.handleframes" name="frames" time="13.159"/>
  <system-out/>
</testsuite> <!-- AlertExamples.handleframes -->
