<?xml version="1.0" encoding="UTF-8"?>
<!-- Generated by org.testng.reporters.JUnitReportReporter -->
<testsuite hostname="Asra" failures="0" tests="1" name="seleniumautomation.webdriverC" time="8.778" errors="0" timestamp="2024-07-15T23:51:58 EDT" skipped="0">
  <testcase classname="seleniumautomation.webdriverC" name="launch_browser" time="8.778"/>
  <system-out/>
</testsuite> <!-- seleniumautomation.webdriverC -->
