<?xml version="1.0" encoding="UTF-8"?>
<!-- Generated by org.testng.reporters.JUnitReportReporter -->
<testsuite hostname="Asra" failures="0" tests="1" name="seleniumautomation.fetchdata" time="9.597" errors="0" timestamp="2024-07-22T01:09:52 EDT" skipped="0">
  <testcase classname="seleniumautomation.fetchdata" name="testingworld" time="9.597"/>
  <system-out/>
</testsuite> <!-- seleniumautomation.fetchdata -->
